INFO:     Started server process [1775438]
INFO:     Waiting for application startup.
INFO:     Application startup complete.
INFO:     Uvicorn running on http://0.0.0.0:8000 (Press CTRL+C to quit)
INFO:     127.0.0.1:44680 - "GET /health HTTP/1.1" 200 OK
INFO:     127.0.0.1:44690 - "GET / HTTP/1.1" 200 OK
INFO:     127.0.0.1:44694 - "POST /api/analyze HTTP/1.1" 200 OK
INFO:     127.0.0.1:51362 - "GET /debug2 HTTP/1.1" 200 OK
INFO:     127.0.0.1:41340 - "POST /api/analyze HTTP/1.1" 200 OK
INFO:     127.0.0.1:53794 - "GET /api/analyze HTTP/1.1" 405 Method Not Allowed
INFO:     127.0.0.1:41514 - "POST /api/analyze HTTP/1.1" 500 Internal Server Error
ERROR:    Exception in ASGI application
Traceback (most recent call last):
  File "/usr/local/lib/python3.12/dist-packages/uvicorn/protocols/http/h11_impl.py", line 410, in run_asgi
    result = await app(  # type: ignore[func-returns-value]
             ^^^^^^^^^^^^^^^^^^^^^^^^^^^^^^^^^^^^^^^^^^^^^^
  File "/usr/local/lib/python3.12/dist-packages/uvicorn/middleware/proxy_headers.py", line 60, in __call__
    return await self.app(scope, receive, send)
           ^^^^^^^^^^^^^^^^^^^^^^^^^^^^^^^^^^^^
  File "/usr/local/lib/python3.12/dist-packages/fastapi/applications.py", line 1159, in __call__
    await super().__call__(scope, receive, send)
  File "/usr/local/lib/python3.12/dist-packages/starlette/applications.py", line 90, in __call__
    await self.middleware_stack(scope, receive, send)
  File "/usr/local/lib/python3.12/dist-packages/starlette/middleware/errors.py", line 186, in __call__
    raise exc
  File "/usr/local/lib/python3.12/dist-packages/starlette/middleware/errors.py", line 164, in __call__
    await self.app(scope, receive, _send)
  File "/usr/local/lib/python3.12/dist-packages/starlette/middleware/cors.py", line 96, in __call__
    await self.simple_response(scope, receive, send, request_headers=headers)
  File "/usr/local/lib/python3.12/dist-packages/starlette/middleware/cors.py", line 154, in simple_response
    await self.app(scope, receive, send)
  File "/usr/local/lib/python3.12/dist-packages/starlette/middleware/exceptions.py", line 63, in __call__
    await wrap_app_handling_exceptions(self.app, conn)(scope, receive, send)
  File "/usr/local/lib/python3.12/dist-packages/starlette/_exception_handler.py", line 53, in wrapped_app
    raise exc
  File "/usr/local/lib/python3.12/dist-packages/starlette/_exception_handler.py", line 42, in wrapped_app
    await app(scope, receive, sender)
  File "/usr/local/lib/python3.12/dist-packages/fastapi/middleware/asyncexitstack.py", line 18, in __call__
    await self.app(scope, receive, send)
  File "/usr/local/lib/python3.12/dist-packages/starlette/routing.py", line 660, in __call__
    await self.middleware_stack(scope, receive, send)
  File "/usr/local/lib/python3.12/dist-packages/starlette/routing.py", line 680, in app
    await route.handle(scope, receive, send)
  File "/usr/local/lib/python3.12/dist-packages/starlette/routing.py", line 276, in handle
    await self.app(scope, receive, send)
  File "/usr/local/lib/python3.12/dist-packages/fastapi/routing.py", line 134, in app
    await wrap_app_handling_exceptions(app, request)(scope, receive, send)
  File "/usr/local/lib/python3.12/dist-packages/starlette/_exception_handler.py", line 53, in wrapped_app
    raise exc
  File "/usr/local/lib/python3.12/dist-packages/starlette/_exception_handler.py", line 42, in wrapped_app
    await app(scope, receive, sender)
  File "/usr/local/lib/python3.12/dist-packages/fastapi/routing.py", line 120, in app
    response = await f(request)
               ^^^^^^^^^^^^^^^^
  File "/usr/local/lib/python3.12/dist-packages/fastapi/routing.py", line 674, in app
    raw_response = await run_endpoint_function(
                   ^^^^^^^^^^^^^^^^^^^^^^^^^^^^
  File "/usr/local/lib/python3.12/dist-packages/fastapi/routing.py", line 328, in run_endpoint_function
    return await dependant.call(**values)
           ^^^^^^^^^^^^^^^^^^^^^^^^^^^^^^
  File "/root/srtp_medical_ai/webapp/api/main.py", line 160, in analyze
    raw = await loop.run_in_executor(_executor, analyzer.analyze_multimodal, req.image_base64, req.report_text)
          ^^^^^^^^^^^^^^^^^^^^^^^^^^^^^^^^^^^^^^^^^^^^^^^^^^^^^^^^^^^^^^^^^^^^^^^^^^^^^^^^^^^^^^^^^^^^^^^^^^^^^
  File "/usr/lib/python3.12/concurrent/futures/thread.py", line 58, in run
    result = self.fn(*self.args, **self.kwargs)
             ^^^^^^^^^^^^^^^^^^^^^^^^^^^^^^^^^^
  File "/root/srtp_medical_ai/webapp/api/analyzer.py", line 149, in analyze_multimodal
    response_text = call_glm(
                    ^^^^^^^^^
  File "/root/srtp_medical_ai/webapp/api/analyzer.py", line 122, in call_glm
    raw = _call_glm_via_launcher(messages, model)
          ^^^^^^^^^^^^^^^^^^^^^^^^^^^^^^^^^^^^^^^
  File "/root/srtp_medical_ai/webapp/api/analyzer.py", line 107, in _call_glm_via_launcher
    raise RuntimeError(f"GLM调用失败: {result.stderr[:200]}")
RuntimeError: GLM调用失败: Traceback (most recent call last):
  File "/root/srtp_medical_ai/webapp/api/glm_caller.py", line 60, in <module>
    main()
  File "/root/srtp_medical_ai/webapp/api/glm_caller.py", line 40, in main
  
INFO:     127.0.0.1:37298 - "POST /api/analyze HTTP/1.1" 200 OK
INFO:     127.0.0.1:42754 - "GET /api/ HTTP/1.1" 404 Not Found
INFO:     127.0.0.1:37842 - "GET /api/cities/1 HTTP/1.1" 404 Not Found
INFO:     127.0.0.1:37850 - "GET /api/1 HTTP/1.1" 404 Not Found
INFO:     127.0.0.1:37858 - "GET /api/backup HTTP/1.1" 404 Not Found
INFO:     127.0.0.1:49542 - "GET /api HTTP/1.1" 404 Not Found
INFO:     127.0.0.1:38668 - "GET /api/v1/health/ HTTP/1.1" 404 Not Found
